0 info it worked if it ends with ok
1 verbose cli [ '/usr/bin/nodejs', '/usr/bin/npm', 'run', 'e2e' ]
2 info using npm@3.8.6
3 info using node@v5.12.0
4 verbose run-script [ 'pree2e', 'e2e', 'poste2e' ]
5 info lifecycle clicker@1.8.1~pree2e: clicker@1.8.1
6 silly lifecycle clicker@1.8.1~pree2e: no script for pree2e, continuing
7 info lifecycle clicker@1.8.1~e2e: clicker@1.8.1
8 verbose lifecycle clicker@1.8.1~e2e: unsafe-perm in lifecycle true
9 verbose lifecycle clicker@1.8.1~e2e: PATH: /usr/lib/node_modules/npm/bin/node-gyp-bin:/projects/node_modules/.bin:/usr/bin:/usr/local/heroku/bin:/usr/local/sbin:/usr/local/bin:/usr/sbin:/usr/bin:/sbin:/bin:/usr/games:/usr/local/games:/opt/sdks/jdk1.8.0_102/bin:/opt/sdks/gradle-2.2.1/bin
10 verbose lifecycle clicker@1.8.1~e2e: CWD: /projects
11 silly lifecycle clicker@1.8.1~e2e: Args: [ '-c',
11 silly lifecycle   'gulp --gulpfile test/gulpfile.ts --cwd ./ build-e2e;protractor test/user1.conf.js & protractor test/user2.conf.js;' ]
12 silly lifecycle clicker@1.8.1~e2e: Returned: code: 1  signal: null
13 info lifecycle clicker@1.8.1~e2e: Failed to exec e2e script
14 verbose stack Error: clicker@1.8.1 e2e: `gulp --gulpfile test/gulpfile.ts --cwd ./ build-e2e;protractor test/user1.conf.js & protractor test/user2.conf.js;`
14 verbose stack Exit status 1
14 verbose stack     at EventEmitter.<anonymous> (/usr/lib/node_modules/npm/lib/utils/lifecycle.js:239:16)
14 verbose stack     at emitTwo (events.js:100:13)
14 verbose stack     at EventEmitter.emit (events.js:185:7)
14 verbose stack     at ChildProcess.<anonymous> (/usr/lib/node_modules/npm/lib/utils/spawn.js:24:14)
14 verbose stack     at emitTwo (events.js:100:13)
14 verbose stack     at ChildProcess.emit (events.js:185:7)
14 verbose stack     at maybeClose (internal/child_process.js:850:16)
14 verbose stack     at Process.ChildProcess._handle.onexit (internal/child_process.js:215:5)
15 verbose pkgid clicker@1.8.1
16 verbose cwd /projects
17 error Linux 3.16.0-55-generic
18 error argv "/usr/bin/nodejs" "/usr/bin/npm" "run" "e2e"
19 error node v5.12.0
20 error npm  v3.8.6
21 error code ELIFECYCLE
22 error clicker@1.8.1 e2e: `gulp --gulpfile test/gulpfile.ts --cwd ./ build-e2e;protractor test/user1.conf.js & protractor test/user2.conf.js;`
22 error Exit status 1
23 error Failed at the clicker@1.8.1 e2e script 'gulp --gulpfile test/gulpfile.ts --cwd ./ build-e2e;protractor test/user1.conf.js & protractor test/user2.conf.js;'.
23 error Make sure you have the latest version of node.js and npm installed.
23 error If you do, this is most likely a problem with the clicker package,
23 error not with npm itself.
23 error Tell the author that this fails on your system:
23 error     gulp --gulpfile test/gulpfile.ts --cwd ./ build-e2e;protractor test/user1.conf.js & protractor test/user2.conf.js;
23 error You can get information on how to open an issue for this project with:
23 error     npm bugs clicker
23 error Or if that isn't available, you can get their info via:
23 error     npm owner ls clicker
23 error There is likely additional logging output above.
24 verbose exit [ 1, true ]
